
******* Array-Dimensions *******

 k   :  minkoe, maxkoe     158     160
 h   :  htmdim, maxhtm     211     220
 hl  :  hopdim, maxhop     208     220
 nh  :  minfac, maxfac      23      25
 n   :    ndef, maxdef      85      85
 n   :    npar, maxpar     144     150
 n   :    nrdf, maxrdf       0       1
 np  : npesopt, maxpes       1       2
 nham:  hamdim, maxham       3       3
 muld: mulddim,maxmuld       1       2
 LMR :    iLMR, maxLMR       0       1
 minnhtmshift,maxnhtmshift     0     1
 (for minedim, maxedim see log file)

***** Operator details *****

ndof   =   3 ,  nmode   =   3
nopdof =   4 ,  nopmode =   4
feb =  0,  meb =  0,   fpb =  0,  mpb =  0,  mkoe =  4
leb = F,  lmult = F,  lmulpack = F,  lcap = T

DOF no.    label
    1       rd
    2       rv
    3       theta
- - - - - - - - - - - - - - -
    4       Koeff

Mode     DOFs
   1    1=      rd
   2    2=      rv
   3    3=   theta
- - - - - - - - - - - - - - -
   4    4=   Koeff

Number of Hamiltonians defined:     3
    1     system                usediag
    2     oper1                  nodiag
    3     oper2                  nodiag

   Info on muld
  1  mulddof :
   1   2   3
  1  mulddof2:
   1   2   3

Information for Hamiltonian : System

Total no. of terms      :     25
No. of correlated terms :     22

No. of uncorrelated terms for mode   1:     2
No. of uncorrelated terms for mode   2:     1
No. of uncorrelated terms for mode   3:     0

Information for Hamiltonian : oper1

Total no. of terms      :      1
No. of correlated terms :      1

No. of uncorrelated terms for mode   1:     0
No. of uncorrelated terms for mode   2:     0
No. of uncorrelated terms for mode   3:     0

Information for Hamiltonian : oper2

Total no. of terms      :      5
No. of correlated terms :      5

No. of uncorrelated terms for mode   1:     0
No. of uncorrelated terms for mode   2:     0
No. of uncorrelated terms for mode   3:     0

  Parameters
PI                      3.141592653590
mass_rd             29446.575980723850
mass_rv             13610.961437882775
theta0                  2.223549467041
c000                    0.038481600000
c001                    0.024787500000
c002                    0.027093300000
c003                    0.001267910000
c004                    0.005412850000
c005                    0.031362900000
c006                    0.017244900000
c010                    0.008342370000
c011                    0.003987130000
c012                    0.007833190000
c013                    0.029488700000
c014               -1.543870000000E-02
c015               -6.219840000000E-02
c016               -3.379510000000E-02
c020                    0.001616250000
c021               -1.563280000000E-04
c022               -1.899820000000E-02
c023               -7.532970000000E-03
c024                    0.003836650000
c025               -7.582250000000E-03
c026               -9.044930000000E-03
c030               -1.010090000000E-03
c031                    0.000619148000
c032               -1.498120000000E-02
c033               -1.997220000000E-02
c034                    0.008730130000
c035                    0.037611800000
c036                    0.022152300000
c040               -3.689040000000E-04
c041                    0.000164037000
c042               -3.318090000000E-03
c043               -5.677870000000E-03
c044                    0.002686620000
c045                    0.013448300000
c046                    0.008458500000
c100               -5.586660000000E-02
c101               -2.765760000000E-02
c102                    0.093493200000
c103               -2.956380000000E-02
c104               -1.543600000000E-01
c105                    0.079611900000
c106                    0.135121000000
c110                    0.058216900000
c111                    0.038440400000
c112                    0.078114000000
c113                    0.185556000000
c114               -6.416560000000E-02
c115               -1.759760000000E-01
c116               -1.049940000000E-02
c120                    0.052285000000
c121                    0.047272400000
c122               -2.160080000000E-01
c123               -1.477750000000E-01
c124                    0.349283000000
c125                    0.284580000000
c126                    0.003844490000
c130                    0.021260900000
c131                    0.029059700000
c132               -1.091240000000E-01
c133                    0.031044500000
c134                    0.262513000000
c135               -2.506530000000E-01
c136               -3.694660000000E-01
c140                    0.003341780000
c141                    0.003906100000
c142               -1.104520000000E-02
c143                    0.058202900000
c144                    0.067952400000
c145               -1.645900000000E-01
c146               -1.653370000000E-01
c200               -1.631860000000E-01
c201               -1.805350000000E-01
c202                    0.046920000000
c203                    0.471673000000
c204                    0.403267000000
c205               -7.180710000000E-01
c206               -7.611990000000E-01
c210               -2.906740000000E-02
c211               -1.361720000000E-02
c212               -1.089520000000E-01
c213               -1.682690000000E+00
c214               -1.267300000000E+00
c215                    3.176480000000
c216                    2.927930000000
c220                    0.121228000000
c221                    0.202308000000
c222                    0.483613000000
c223                    1.290950000000
c224               -1.744830000000E-01
c225               -2.460500000000E+00
c226               -1.365970000000E+00
c230                    0.107233000000
c231                    0.115213000000
c232               -3.661020000000E-01
c233                    0.812662000000
c234                    1.760380000000
c235               -1.196650000000E+00
c236               -1.773920000000E+00
c240                    0.023276700000
c241                    0.030493200000
c242               -1.945500000000E-01
c243               -3.075170000000E-02
c244                    0.539365000000
c245                    0.120203000000
c246               -2.512890000000E-01
c300                    0.083897500000
c301                    0.198853000000
c302               -9.947660000000E-02
c303               -8.224090000000E-01
c304               -5.860060000000E-01
c305                    1.174020000000
c306                    1.173780000000
c310               -1.820470000000E-01
c311               -2.456370000000E-01
c312                    0.130396000000
c313                    2.854390000000
c314                    2.442770000000
c315               -5.364060000000E+00
c316               -5.228060000000E+00
c320               -2.274930000000E-01
c321               -4.706040000000E-01
c322               -6.705550000000E-01
c323               -1.669970000000E+00
c324                    0.268677000000
c325                    3.718220000000
c326                    2.106780000000
c330               -1.363500000000E-01
c331               -1.938430000000E-01
c332                    0.626076000000
c333               -1.551920000000E+00
c334               -3.225120000000E+00
c335                    3.038510000000
c336                    4.013640000000
c340               -2.625540000000E-02
c341               -3.912910000000E-02
c342                    0.312858000000
c343               -1.220630000000E-01
c344               -1.031120000000E+00
c345                    0.289780000000
c346                    0.878604000000

Number of operators removed =     0,  cutoff = 1.00E-09

  Operator Labels    [hl,hoplab,(deflabel),hopilab,hopfile]
    hl  Label                         function no.  file no.
     1  1                                       1       302
     2  -1                                      2       302
     3  I                                       1       101
     4  0.5                                     0       301
     5  mass_rd^-1                              2       301
     6  q^-2                                    3       302
     7  j^2                                     8         3
     8  mass_rv^-1                              3       301
     9  dqdvr^2                                 7         3
    10  srffile{1}           V                  0      -999
    11  sin^2                                   4       302
    12  cos^2                                   6       302
    13  tan^2                                   8       302
    14  cos^-2                                  6       302
    15  0.1                                     0       301
    16  q                                       3       302
    17  pdvr                                   11         3
    18  sin                                     4       302
    19  cos                                     6       302
    20  v:NO                                    1       303
    21  c000                                    5       301
    22  exp1[2]^0            bcrd              13       302
    23  exp[3]               1qd               11       302
    24  q[4]^0               bcrv               3       302
    25  expcos[5]^0          bcw               14       302
    26  c001                                    6       301
    27  expcos[5]^1          bcw               14       302
    28  c002                                    7       301
    29  expcos[5]^2          bcw               14       302
    30  c003                                    8       301
    31  expcos[5]^3          bcw               14       302
    32  c004                                    9       301
    33  expcos[5]^4          bcw               14       302
    34  c005                                   10       301
    35  expcos[5]^5          bcw               14       302
    36  c006                                   11       301
    37  expcos[5]^6          bcw               14       302
    38  c010                                   12       301
    39  exp1[2]^1            bcrd              13       302
    40  c011                                   13       301
    41  c012                                   14       301
    42  c013                                   15       301
    43  c014                                   16       301
    44  c015                                   17       301
    45  c016                                   18       301
    46  c020                                   19       301
    47  exp1[2]^2            bcrd              13       302
    48  c021                                   20       301
    49  c022                                   21       301
    50  c023                                   22       301
    51  c024                                   23       301
    52  c025                                   24       301
    53  c026                                   25       301
    54  c030                                   26       301
    55  exp1[2]^3            bcrd              13       302
    56  c031                                   27       301
    57  c032                                   28       301
    58  c033                                   29       301
    59  c034                                   30       301
    60  c035                                   31       301
    61  c036                                   32       301
    62  c040                                   33       301
    63  exp1[2]^4            bcrd              13       302
    64  c041                                   34       301
    65  c042                                   35       301
    66  c043                                   36       301
    67  c044                                   37       301
    68  c045                                   38       301
    69  c046                                   39       301
    70  c100                                   40       301
    71  q[4]^1               bcrv               3       302
    72  c101                                   41       301
    73  c102                                   42       301
    74  c103                                   43       301
    75  c104                                   44       301
    76  c105                                   45       301
    77  c106                                   46       301
    78  c110                                   47       301
    79  c111                                   48       301
    80  c112                                   49       301
    81  c113                                   50       301
    82  c114                                   51       301
    83  c115                                   52       301
    84  c116                                   53       301
    85  c120                                   54       301
    86  c121                                   55       301
    87  c122                                   56       301
    88  c123                                   57       301
    89  c124                                   58       301
    90  c125                                   59       301
    91  c126                                   60       301
    92  c130                                   61       301
    93  c131                                   62       301
    94  c132                                   63       301
    95  c133                                   64       301
    96  c134                                   65       301
    97  c135                                   66       301
    98  c136                                   67       301
    99  c140                                   68       301
   100  c141                                   69       301
   101  c142                                   70       301
   102  c143                                   71       301
   103  c144                                   72       301
   104  c145                                   73       301
   105  c146                                   74       301
   106  c200                                   75       301
   107  q[4]^2               bcrv               3       302
   108  c201                                   76       301
   109  c202                                   77       301
   110  c203                                   78       301
   111  c204                                   79       301
   112  c205                                   80       301
   113  c206                                   81       301
   114  c210                                   82       301
   115  c211                                   83       301
   116  c212                                   84       301
   117  c213                                   85       301
   118  c214                                   86       301
   119  c215                                   87       301
   120  c216                                   88       301
   121  c220                                   89       301
   122  c221                                   90       301
   123  c222                                   91       301
   124  c223                                   92       301
   125  c224                                   93       301
   126  c225                                   94       301
   127  c226                                   95       301
   128  c230                                   96       301
   129  c231                                   97       301
   130  c232                                   98       301
   131  c233                                   99       301
   132  c234                                  100       301
   133  c235                                  101       301
   134  c236                                  102       301
   135  c240                                  103       301
   136  c241                                  104       301
   137  c242                                  105       301
   138  c243                                  106       301
   139  c244                                  107       301
   140  c245                                  108       301
   141  c246                                  109       301
   142  c300                                  110       301
   143  q[4]^3               bcrv               3       302
   144  c301                                  111       301
   145  c302                                  112       301
   146  c303                                  113       301
   147  c304                                  114       301
   148  c305                                  115       301
   149  c306                                  116       301
   150  c310                                  117       301
   151  c311                                  118       301
   152  c312                                  119       301
   153  c313                                  120       301
   154  c314                                  121       301
   155  c315                                  122       301
   156  c316                                  123       301
   157  c320                                  124       301
   158  c321                                  125       301
   159  c322                                  126       301
   160  c323                                  127       301
   161  c324                                  128       301
   162  c325                                  129       301
   163  c326                                  130       301
   164  c330                                  131       301
   165  c331                                  132       301
   166  c332                                  133       301
   167  c333                                  134       301
   168  c334                                  135       301
   169  c335                                  136       301
   170  c336                                  137       301
   171  c340                                  138       301
   172  c341                                  139       301
   173  c342                                  140       301
   174  c343                                  141       301
   175  c344                                  142       301
   176  c345                                  143       301
   177  c346                                  144       301
   178  CAP[1]               CAP_rd             5       101

Hamiltonian Operator Terms [h,htmdof,htmadof,htmndof,htmmode,htmmuld,htmtype,
                            htmsym,htmshift,string]
   No.   f  af  nf   m  md Typ Sym   Shift      Term
     1   1   1   0   0   0   1   1       0    1
     2   2   2   0   0   0   1   1       0    1
     3   3   3   0   0   0   1   1       0    1
     4   K           0   0   1   1            1
     6   1   1   0   0   0   2   1       0    q^-2*0.5*mass_rd^-1
     7   3   3   0   0   0   8   1       0    j^2
     9   2   2   0   0   0   2   1       0    q^-2*0.5*mass_rv^-1
    10   K           0   0   2   1            -1*0.5*mass_rd^-1
    11   1   1   0   0   0   8   1       0    dqdvr^2
    13   2   2   0   0   0   8   1       0    dqdvr^2*1*mass_rv^-1
    21   K           0   0   2   1            1*mass_rd^-1
    22   K           0   0   2   1            0.1*mass_rv^-1
    23   1   1   0   0   0   2   1       0    q
    24   2   2   0   0   0   9   1       0    pdvr*0.1*mass_rv^-1
    25   3   3   0   0   0   2   1       0    sin
    27   2   2   0   0   0   2   1       0    q
    28   3   3   0   0   0   2   1       0    cos*0.1*mass_rd^-1
    31   1   1   0   0   0   2   1       0    exp1[2]^0*exp[3]
    32   2   2   0   0   0   1   1       0    q[4]^0
    47   1   1   0   0   0   2   1       0    exp1[2]^1*exp[3]
    55   1   1   0   0   0   2   1       0    exp1[2]^2*exp[3]
    63   1   1   0   0   0   2   1       0    exp1[2]^3*exp[3]
    71   1   1   0   0   0   2   1       0    exp1[2]^4*exp[3]
    79   2   2   0   0   0   2   1       0    q[4]^1
   115   2   2   0   0   0   2   1       0    q[4]^2
   151   2   2   0   0   0   2   1       0    q[4]^3
   186   1   1   0   0   0   3  -1       0    CAP[1]
   187   2   2   0   0   0   8   1       0    dqdvr^2*-1*0.5*mass_rv^-1 + v:NO
   188   3   3   0   0   0   2   1       0    sin^2 + cos^2 + tan^2*-1*1 + cos^-2
   189   3   3   0   0   0   2   1       0    expcos[5]^0*c000 + expcos[5]^1*c001 +
                              expcos[5]^2*c002 + expcos[5]^3*c003 +
                              expcos[5]^4*c004 + expcos[5]^5*c005 +
                              expcos[5]^6*c006
   190   3   3   0   0   0   2   1       0    expcos[5]^0*c010 + expcos[5]^1*c011 +
                              expcos[5]^2*c012 + expcos[5]^3*c013 +
                              expcos[5]^4*c014 + expcos[5]^5*c015 +
                              expcos[5]^6*c016
   191   3   3   0   0   0   2   1       0    expcos[5]^0*c020 + expcos[5]^1*c021 +
                              expcos[5]^2*c022 + expcos[5]^3*c023 +
                              expcos[5]^4*c024 + expcos[5]^5*c025 +
                              expcos[5]^6*c026
   192   3   3   0   0   0   2   1       0    expcos[5]^0*c030 + expcos[5]^1*c031 +
                              expcos[5]^2*c032 + expcos[5]^3*c033 +
                              expcos[5]^4*c034 + expcos[5]^5*c035 +
                              expcos[5]^6*c036
   193   3   3   0   0   0   2   1       0    expcos[5]^0*c040 + expcos[5]^1*c041 +
                              expcos[5]^2*c042 + expcos[5]^3*c043 +
                              expcos[5]^4*c044 + expcos[5]^5*c045 +
                              expcos[5]^6*c046
   194   3   3   0   0   0   2   1       0    expcos[5]^0*c100 + expcos[5]^1*c101 +
                              expcos[5]^2*c102 + expcos[5]^3*c103 +
                              expcos[5]^4*c104 + expcos[5]^5*c105 +
                              expcos[5]^6*c106
   195   3   3   0   0   0   2   1       0    expcos[5]^0*c110 + expcos[5]^1*c111 +
                              expcos[5]^2*c112 + expcos[5]^3*c113 +
                              expcos[5]^4*c114 + expcos[5]^5*c115 +
                              expcos[5]^6*c116
   196   3   3   0   0   0   2   1       0    expcos[5]^0*c120 + expcos[5]^1*c121 +
                              expcos[5]^2*c122 + expcos[5]^3*c123 +
                              expcos[5]^4*c124 + expcos[5]^5*c125 +
                              expcos[5]^6*c126
   197   3   3   0   0   0   2   1       0    expcos[5]^0*c130 + expcos[5]^1*c131 +
                              expcos[5]^2*c132 + expcos[5]^3*c133 +
                              expcos[5]^4*c134 + expcos[5]^5*c135 +
                              expcos[5]^6*c136
   198   3   3   0   0   0   2   1       0    expcos[5]^0*c140 + expcos[5]^1*c141 +
                              expcos[5]^2*c142 + expcos[5]^3*c143 +
                              expcos[5]^4*c144 + expcos[5]^5*c145 +
                              expcos[5]^6*c146
   199   3   3   0   0   0   2   1       0    expcos[5]^0*c200 + expcos[5]^1*c201 +
                              expcos[5]^2*c202 + expcos[5]^3*c203 +
                              expcos[5]^4*c204 + expcos[5]^5*c205 +
                              expcos[5]^6*c206
   200   3   3   0   0   0   2   1       0    expcos[5]^0*c210 + expcos[5]^1*c211 +
                              expcos[5]^2*c212 + expcos[5]^3*c213 +
                              expcos[5]^4*c214 + expcos[5]^5*c215 +
                              expcos[5]^6*c216
   201   3   3   0   0   0   2   1       0    expcos[5]^0*c220 + expcos[5]^1*c221 +
                              expcos[5]^2*c222 + expcos[5]^3*c223 +
                              expcos[5]^4*c224 + expcos[5]^5*c225 +
                              expcos[5]^6*c226
   202   3   3   0   0   0   2   1       0    expcos[5]^0*c230 + expcos[5]^1*c231 +
                              expcos[5]^2*c232 + expcos[5]^3*c233 +
                              expcos[5]^4*c234 + expcos[5]^5*c235 +
                              expcos[5]^6*c236
   203   3   3   0   0   0   2   1       0    expcos[5]^0*c240 + expcos[5]^1*c241 +
                              expcos[5]^2*c242 + expcos[5]^3*c243 +
                              expcos[5]^4*c244 + expcos[5]^5*c245 +
                              expcos[5]^6*c246
   204   3   3   0   0   0   2   1       0    expcos[5]^0*c300 + expcos[5]^1*c301 +
                              expcos[5]^2*c302 + expcos[5]^3*c303 +
                              expcos[5]^4*c304 + expcos[5]^5*c305 +
                              expcos[5]^6*c306
   205   3   3   0   0   0   2   1       0    expcos[5]^0*c310 + expcos[5]^1*c311 +
                              expcos[5]^2*c312 + expcos[5]^3*c313 +
                              expcos[5]^4*c314 + expcos[5]^5*c315 +
                              expcos[5]^6*c316
   206   3   3   0   0   0   2   1       0    expcos[5]^0*c320 + expcos[5]^1*c321 +
                              expcos[5]^2*c322 + expcos[5]^3*c323 +
                              expcos[5]^4*c324 + expcos[5]^5*c325 +
                              expcos[5]^6*c326
   207   3   3   0   0   0   2   1       0    expcos[5]^0*c330 + expcos[5]^1*c331 +
                              expcos[5]^2*c332 + expcos[5]^3*c333 +
                              expcos[5]^4*c334 + expcos[5]^5*c335 +
                              expcos[5]^6*c336
   208   3   3   0   0   0   2   1       0    expcos[5]^0*c340 + expcos[5]^1*c341 +
                              expcos[5]^2*c342 + expcos[5]^3*c343 +
                              expcos[5]^4*c344 + expcos[5]^5*c345 +
                              expcos[5]^6*c346

Arguments for operators
  No.    Arguments
    1    5.0000000       0.30000000        3.0000000        0.0000000    
    2   -1.5000000        4.3150000        0.0000000        0.0000000    
    3   -1.5000000        4.3150000        0.0000000        0.0000000    
    4    2.1360000        0.0000000        0.0000000        0.0000000    
    5   -1.1000000        2.2235495        0.0000000        0.0000000    

Srf files used
    1     /home/phyzch/MCTDH_main/MCTDH/mctdh86.4/operators/nocl1um.srf

********* System Hamiltonian ***********

Correlated Terms  (ki,kf: initial and final el. state. h=hamilton(f,k))
            dof order =     rd |    rv | theta |
     k  ki  kf coeff   No.s
     1   1   1    4          6       2       7
     2   1   1    4          1       9       7
     3   1   1    4         31      32     189
     4   1   1    4         47      32     190
     5   1   1    4         55      32     191
     6   1   1    4         63      32     192
     7   1   1    4         71      32     193
     8   1   1    4         31      79     194
     9   1   1    4         47      79     195
    10   1   1    4         55      79     196
    11   1   1    4         63      79     197
    12   1   1    4         71      79     198
    13   1   1    4         31     115     199
    14   1   1    4         47     115     200
    15   1   1    4         55     115     201
    16   1   1    4         63     115     202
    17   1   1    4         71     115     203
    18   1   1    4         31     151     204
    19   1   1    4         47     151     205
    20   1   1    4         55     151     206
    21   1   1    4         63     151     207
    22   1   1    4         71     151     208

Uncorrelated Terms
     k   m   s  sym coeff   No.s
    23   1   1   1   10      11
    24   1   1  -1    4     186
    25   2   1   1    4     187

lcap is set
The operator is COMPLEX and NON-HERMITIAN  (e.g. contains a CAP)

------------------------------------------------------------------------------


********* oper1 Hamiltonian ***********

Correlated Terms  (ki,kf: initial and final el. state. h=hamilton(f,k))
            dof order =     rd |    rv | theta |
     k  ki  kf coeff   No.s
    26   1   1    4          1       2     188

The operator is REAL and HERMITIAN

------------------------------------------------------------------------------


********* oper2 Hamiltonian ***********

Correlated Terms  (ki,kf: initial and final el. state. h=hamilton(f,k))
            dof order =     rd |    rv | theta |
     k  ki  kf coeff   No.s
    28   1   1    4          1      13       3
    29   1   1   21         11       2       3
    30   1   1    4         23      24      25
    31   1   1    4         11      27      28
    32   1   1   22         23      27       7

The operator is REAL and HERMITIAN

------------------------------------------------------------------------------

